[26/May/2026 15:16:23] "GET /api/properties/ HTTP/1.1" 200 52
[26/May/2026 15:16:23,512] - Broken pipe from ('127.0.0.1', 51470)
[26/May/2026 15:16:56] "GET /api/properties/ HTTP/1.1" 200 52
[26/May/2026 15:16:56,508] - Broken pipe from ('127.0.0.1', 53203)
[26/May/2026 15:17:44] "GET /api/properties/ HTTP/1.1" 200 52
[26/May/2026 15:17:44,258] - Broken pipe from ('127.0.0.1', 53214)
[26/May/2026 15:17:52] "GET /api/properties/ HTTP/1.1" 200 52
[26/May/2026 15:18:11] "GET /api/properties/ HTTP/1.1" 200 52
[26/May/2026 15:22:42] "GET /api/properties/ HTTP/1.1" 200 52
[26/May/2026 15:24:38] "GET /api/properties/ HTTP/1.1" 200 52
[26/May/2026 15:25:27] "GET /api/properties/ HTTP/1.1" 200 52
[26/May/2026 15:26:17] "GET /api/properties/ HTTP/1.1" 200 52
[26/May/2026 15:26:40] "OPTIONS /api/auth/login/ HTTP/1.1" 200 0
Unauthorized: /api/auth/login/
[26/May/2026 15:26:42] "POST /api/auth/login/ HTTP/1.1" 401 63
[26/May/2026 15:26:59] "GET /api/properties/ HTTP/1.1" 200 52
[26/May/2026 15:30:26] "GET /api/properties/ HTTP/1.1" 200 52
[26/May/2026 15:30:27] "GET /api/properties/ HTTP/1.1" 200 52
[26/May/2026 15:30:27] "GET /api/properties/ HTTP/1.1" 200 52
[26/May/2026 15:30:55] "GET /api/properties/ HTTP/1.1" 200 52
[26/May/2026 15:30:55,450] - Broken pipe from ('127.0.0.1', 54516)
[26/May/2026 15:32:00] "GET /api/properties/ HTTP/1.1" 200 3446
[26/May/2026 15:32:00] "GET /api/properties/ HTTP/1.1" 200 3446
[26/May/2026 15:32:00] "GET /api/properties/ HTTP/1.1" 200 3446
[26/May/2026 15:32:05] "GET /api/properties/ HTTP/1.1" 200 3446
[26/May/2026 15:32:05,931] - Broken pipe from ('127.0.0.1', 63190)
[26/May/2026 15:32:31] "GET /api/properties/ HTTP/1.1" 200 3446
[26/May/2026 15:32:35] "GET /api/properties/?ordering=-created_at HTTP/1.1" 200 3446
[26/May/2026 15:32:41] "GET /api/properties/?property_type=house HTTP/1.1" 200 1193
[26/May/2026 15:32:43] "GET /api/properties/?ordering=-created_at HTTP/1.1" 200 3446
[26/May/2026 15:33:01] "GET /api/properties/?property_type=apartment HTTP/1.1" 200 614
[26/May/2026 15:33:03] "GET /api/properties/?property_type=villa HTTP/1.1" 200 623
[26/May/2026 15:33:06] "GET /api/properties/?property_type=house HTTP/1.1" 200 1193
[26/May/2026 15:33:15] "GET /api/properties/ HTTP/1.1" 200 3446
[26/May/2026 15:33:55] "GET /api/properties/?country=Greece HTTP/1.1" 200 609
[26/May/2026 15:33:58] "GET /api/properties/3/ HTTP/1.1" 200 557
[26/May/2026 15:33:58] "GET /api/reviews/?property=3 HTTP/1.1" 200 52
[26/May/2026 15:34:04] "GET /api/properties/ HTTP/1.1" 200 3446
[26/May/2026 15:34:09] "GET /api/properties/?property_type=cabin HTTP/1.1" 200 613
[26/May/2026 15:35:11] "GET /api/properties/ HTTP/1.1" 200 3446
[26/May/2026 15:35:16] "GET /api/reviews/?property=2 HTTP/1.1" 200 52
[26/May/2026 15:35:16] "GET /api/properties/2/ HTTP/1.1" 200 561
[26/May/2026 15:35:28] "GET /api/properties/ HTTP/1.1" 200 3446
[26/May/2026 15:35:32] "GET /api/properties/?country=Greece HTTP/1.1" 200 609
[26/May/2026 15:35:43] "GET /api/properties/?property_type=villa&min_price=300 HTTP/1.1" 200 623
[26/May/2026 15:35:57] "GET /api/properties/?property_type=house HTTP/1.1" 200 1193
[26/May/2026 15:36:02] "GET /api/properties/?min_price=300 HTTP/1.1" 200 1743
[26/May/2026 15:36:52] "GET /api/properties/ HTTP/1.1" 200 3446
[26/May/2026 15:36:52] "GET /api/properties/ HTTP/1.1" 200 3446
[26/May/2026 15:36:52] "GET /api/properties/ HTTP/1.1" 200 3446
[26/May/2026 15:36:52] "GET /api/properties/ HTTP/1.1" 200 3446
[26/May/2026 15:39:01] "GET /api/properties/?property_type=villa&min_price=300 HTTP/1.1" 200 623
[26/May/2026 15:39:04] "GET /api/properties/?property_type=villa&min_price=300 HTTP/1.1" 200 623
[26/May/2026 15:39:08] "GET /api/properties/?country=Greece HTTP/1.1" 200 609
[26/May/2026 15:39:10] "GET /api/properties/?property_type=cabin HTTP/1.1" 200 613
[26/May/2026 15:39:13] "GET /api/properties/?min_price=300 HTTP/1.1" 200 1743
[26/May/2026 15:39:15] "GET /api/properties/?ordering=-created_at HTTP/1.1" 200 3446
[26/May/2026 15:39:17] "GET /api/properties/?property_type=house HTTP/1.1" 200 1193
[26/May/2026 15:39:19] "GET /api/properties/?property_type=villa HTTP/1.1" 200 623
[26/May/2026 15:39:21] "GET /api/properties/?property_type=apartment HTTP/1.1" 200 614
[26/May/2026 15:40:18] "OPTIONS /api/auth/register/ HTTP/1.1" 200 0
Bad Request: /api/auth/register/
[26/May/2026 15:40:18] "POST /api/auth/register/ HTTP/1.1" 400 112
Bad Request: /api/auth/register/
[26/May/2026 15:40:28] "POST /api/auth/register/ HTTP/1.1" 400 112
[26/May/2026 15:41:24] "POST /api/auth/register/ HTTP/1.1" 201 142
[26/May/2026 15:41:24,276] - Broken pipe from ('127.0.0.1', 60905)
[26/May/2026 15:41:38] "GET /api/properties/ HTTP/1.1" 200 3446
[26/May/2026 15:41:47] "GET /api/properties/ HTTP/1.1" 200 3446
[26/May/2026 15:41:47] "GET /api/properties/ HTTP/1.1" 200 3446
[26/May/2026 15:41:47] "GET /api/properties/ HTTP/1.1" 200 3446
[26/May/2026 15:41:47] "GET /api/properties/ HTTP/1.1" 200 3446
[26/May/2026 15:41:54] "GET /api/properties/ HTTP/1.1" 200 3446
[26/May/2026 15:41:54] "GET /api/properties/ HTTP/1.1" 200 3446
[26/May/2026 15:41:54] "GET /api/properties/ HTTP/1.1" 200 3446
[26/May/2026 15:41:54] "GET /api/properties/ HTTP/1.1" 200 3446
Bad Request: /api/auth/register/
[26/May/2026 15:42:12] "POST /api/auth/register/ HTTP/1.1" 400 58
[26/May/2026 15:42:12,138] - Broken pipe from ('127.0.0.1', 65266)
Bad Request: /api/auth/register/
[26/May/2026 15:42:18] "POST /api/auth/register/ HTTP/1.1" 400 107
[26/May/2026 15:42:35] "GET /api/properties/ HTTP/1.1" 200 3446
[26/May/2026 15:42:35] "GET /api/properties/ HTTP/1.1" 200 3446
[26/May/2026 15:42:35] "GET /api/properties/ HTTP/1.1" 200 3446
[26/May/2026 15:42:35] "GET /api/properties/ HTTP/1.1" 200 3446
[26/May/2026 15:44:34] "POST /api/auth/login/ HTTP/1.1" 200 489
[26/May/2026 15:44:34] "OPTIONS /api/users/ HTTP/1.1" 200 0
C:\Users\MAIMUNA\AppData\Local\Python\pythoncore-3.14-64\Lib\site-packages\rest_framework\pagination.py:198: UnorderedObjectListWarning: Pagination may yield inconsistent results with an unordered object_list: <class 'accounts.models.User'> QuerySet.
  paginator = self.django_paginator_class(queryset, page_size)
[26/May/2026 15:44:34] "GET /api/users/ HTTP/1.1" 200 217
[26/May/2026 15:44:34] "OPTIONS /api/properties/ HTTP/1.1" 200 0
[26/May/2026 15:44:34] "GET /api/properties/ HTTP/1.1" 200 3446
[26/May/2026 15:44:38] "OPTIONS /api/properties/?mine=true HTTP/1.1" 200 0
[26/May/2026 15:44:38] "GET /api/properties/?mine=true HTTP/1.1" 200 52
[26/May/2026 15:44:40] "OPTIONS /api/bookings/ HTTP/1.1" 200 0
[26/May/2026 15:44:40] "GET /api/bookings/ HTTP/1.1" 200 52
[26/May/2026 15:44:43] "OPTIONS /api/wishlist/ HTTP/1.1" 200 0
[26/May/2026 15:44:43] "GET /api/wishlist/ HTTP/1.1" 200 52
[26/May/2026 15:44:46] "GET /api/bookings/ HTTP/1.1" 200 52
[26/May/2026 15:44:47] "GET /api/properties/?mine=true HTTP/1.1" 200 52
[26/May/2026 15:44:58] "GET /api/properties/ HTTP/1.1" 200 3446
[26/May/2026 15:45:10] "GET /api/properties/ HTTP/1.1" 200 3446
[26/May/2026 15:45:14] "GET /api/properties/ HTTP/1.1" 200 3446
[26/May/2026 15:45:23] "GET /api/properties/?mine=true HTTP/1.1" 200 52
[26/May/2026 15:47:54] "GET /api/properties/ HTTP/1.1" 200 3446
[26/May/2026 15:48:01] "OPTIONS /api/properties/6/ HTTP/1.1" 200 0
[26/May/2026 15:48:01] "OPTIONS /api/reviews/?property=6 HTTP/1.1" 200 0
[26/May/2026 15:48:01] "GET /api/reviews/?property=6 HTTP/1.1" 200 52
[26/May/2026 15:48:01] "GET /api/properties/6/ HTTP/1.1" 200 555
[26/May/2026 15:48:04] "GET /api/properties/ HTTP/1.1" 200 3446
[26/May/2026 15:48:14] "OPTIONS /api/properties/5/ HTTP/1.1" 200 0
[26/May/2026 15:48:14] "OPTIONS /api/reviews/?property=5 HTTP/1.1" 200 0
[26/May/2026 15:48:14] "GET /api/reviews/?property=5 HTTP/1.1" 200 52
[26/May/2026 15:48:14] "GET /api/properties/5/ HTTP/1.1" 200 562
[26/May/2026 15:48:18] "POST /api/wishlist/ HTTP/1.1" 201 645
[26/May/2026 15:48:20] "GET /api/wishlist/ HTTP/1.1" 200 697
[26/May/2026 15:48:23] "GET /api/properties/ HTTP/1.1" 200 3446
[26/May/2026 15:48:29] "OPTIONS /api/properties/3/ HTTP/1.1" 200 0
[26/May/2026 15:48:29] "OPTIONS /api/reviews/?property=3 HTTP/1.1" 200 0
[26/May/2026 15:48:29] "GET /api/reviews/?property=3 HTTP/1.1" 200 52
[26/May/2026 15:48:29] "GET /api/properties/3/ HTTP/1.1" 200 557
[26/May/2026 15:48:31] "POST /api/wishlist/ HTTP/1.1" 201 640
[26/May/2026 15:48:33] "GET /api/wishlist/ HTTP/1.1" 200 1338
[26/May/2026 15:48:35] "GET /api/reviews/?property=5 HTTP/1.1" 200 52
[26/May/2026 15:48:35] "GET /api/properties/5/ HTTP/1.1" 200 562
[26/May/2026 15:49:03] "GET /api/wishlist/ HTTP/1.1" 200 1338
[26/May/2026 15:49:04] "GET /api/reviews/?property=3 HTTP/1.1" 200 52
[26/May/2026 15:49:04] "GET /api/properties/3/ HTTP/1.1" 200 557
[26/May/2026 15:49:06] "GET /api/properties/ HTTP/1.1" 200 3446
[26/May/2026 15:49:13] "GET /api/properties/?mine=true HTTP/1.1" 200 52
Forbidden: /api/properties/
[26/May/2026 15:49:34] "POST /api/properties/ HTTP/1.1" 403 63
Forbidden: /api/properties/
[26/May/2026 15:49:40] "POST /api/properties/ HTTP/1.1" 403 63
[26/May/2026 15:49:46] "GET /api/properties/ HTTP/1.1" 200 3446
[26/May/2026 15:50:22] "OPTIONS /api/properties/?property_type=villa HTTP/1.1" 200 0
[26/May/2026 15:50:22] "GET /api/properties/?property_type=villa HTTP/1.1" 200 623
[26/May/2026 15:50:26] "OPTIONS /api/properties/?property_type=house HTTP/1.1" 200 0
[26/May/2026 15:50:26] "GET /api/properties/?property_type=house HTTP/1.1" 200 1193
[26/May/2026 15:56:03] "GET /api/properties/ HTTP/1.1" 200 3446
[26/May/2026 15:56:03] "GET /api/properties/ HTTP/1.1" 200 3446
[26/May/2026 15:56:03] "GET /api/properties/ HTTP/1.1" 200 3446
[26/May/2026 15:56:03] "GET /api/properties/ HTTP/1.1" 200 3446
[26/May/2026 15:57:59] "GET /api/bookings/ HTTP/1.1" 200 349
[26/May/2026 15:58:11] "OPTIONS /api/bookings/1/ HTTP/1.1" 200 0
[26/May/2026 15:58:11] "GET /api/bookings/1/ HTTP/1.1" 200 297
[26/May/2026 15:58:15] "GET /api/bookings/ HTTP/1.1" 200 349
[26/May/2026 15:58:19] "GET /api/bookings/1/ HTTP/1.1" 200 297
[26/May/2026 15:58:26] "GET /api/bookings/ HTTP/1.1" 200 349
[26/May/2026 15:58:29] "GET /api/bookings/ HTTP/1.1" 200 349
[26/May/2026 15:58:29] "GET /api/properties/ HTTP/1.1" 200 3446
[26/May/2026 15:58:31] "GET /api/properties/?mine=true HTTP/1.1" 200 52
[26/May/2026 15:58:32] "GET /api/bookings/ HTTP/1.1" 200 349
[26/May/2026 15:58:32] "GET /api/properties/ HTTP/1.1" 200 3446
[26/May/2026 15:58:34] "GET /api/bookings/ HTTP/1.1" 200 349
[26/May/2026 15:58:36] "GET /api/bookings/ HTTP/1.1" 200 349
[26/May/2026 15:58:36] "GET /api/properties/ HTTP/1.1" 200 3446
[26/May/2026 15:59:33] "GET /api/bookings/ HTTP/1.1" 200 349
[26/May/2026 15:59:35] "GET /api/properties/ HTTP/1.1" 200 3446
[26/May/2026 15:59:42] "OPTIONS /api/properties/?country=Greece HTTP/1.1" 200 0
[26/May/2026 15:59:42] "GET /api/properties/?country=Greece HTTP/1.1" 200 609
[26/May/2026 15:59:44] "OPTIONS /api/properties/?property_type=cabin HTTP/1.1" 200 0
[26/May/2026 15:59:44] "GET /api/properties/?property_type=cabin HTTP/1.1" 200 613
[26/May/2026 15:59:46] "OPTIONS /api/properties/2/ HTTP/1.1" 200 0
[26/May/2026 15:59:46] "OPTIONS /api/reviews/?property=2 HTTP/1.1" 200 0
[26/May/2026 15:59:46] "GET /api/reviews/?property=2 HTTP/1.1" 200 52
[26/May/2026 15:59:46] "GET /api/properties/2/ HTTP/1.1" 200 561
[26/May/2026 15:59:48] "GET /api/properties/ HTTP/1.1" 200 3446
[26/May/2026 16:00:40] "GET /api/properties/ HTTP/1.1" 200 3446
[26/May/2026 16:00:40] "GET /api/properties/ HTTP/1.1" 200 3446
[26/May/2026 16:00:40] "GET /api/properties/ HTTP/1.1" 200 3446
[26/May/2026 16:00:40] "GET /api/properties/ HTTP/1.1" 200 3446
[26/May/2026 16:00:40] "GET /api/properties/ HTTP/1.1" 200 3446
[26/May/2026 16:01:48] "GET /api/bookings/ HTTP/1.1" 200 349
[26/May/2026 16:01:48] "GET /api/properties/ HTTP/1.1" 200 3446
[26/May/2026 16:02:01] "GET /api/properties/?mine=true HTTP/1.1" 200 52
[26/May/2026 16:02:04] "GET /api/bookings/ HTTP/1.1" 200 349
[26/May/2026 16:02:04] "GET /api/properties/ HTTP/1.1" 200 3446
[26/May/2026 16:04:09] "GET /api/properties/ HTTP/1.1" 200 3446
[26/May/2026 16:04:19] "OPTIONS /api/properties/?property_type=villa&min_price=300 HTTP/1.1" 200 0
[26/May/2026 16:04:19] "GET /api/properties/?property_type=villa&min_price=300 HTTP/1.1" 200 623
[26/May/2026 16:06:56] "OPTIONS /api/properties/?property_type=apartment HTTP/1.1" 200 0
[26/May/2026 16:06:56] "GET /api/properties/?property_type=apartment HTTP/1.1" 200 614
[26/May/2026 16:06:58] "GET /api/bookings/ HTTP/1.1" 200 349
[26/May/2026 16:06:58] "GET /api/properties/ HTTP/1.1" 200 3446
[26/May/2026 16:07:20] "GET /api/reviews/?property=5 HTTP/1.1" 200 52
[26/May/2026 16:07:20] "GET /api/properties/5/ HTTP/1.1" 200 562
[26/May/2026 16:08:41] "GET /api/properties/ HTTP/1.1" 200 3446
[26/May/2026 16:08:42] "GET /api/properties/?mine=true HTTP/1.1" 200 52
[26/May/2026 16:08:45] "GET /api/bookings/ HTTP/1.1" 200 349
[26/May/2026 16:08:53] "GET /api/bookings/ HTTP/1.1" 200 349
[26/May/2026 16:09:02] "GET /api/bookings/1/ HTTP/1.1" 200 297
[26/May/2026 16:09:13] "GET /api/wishlist/ HTTP/1.1" 200 1338
[26/May/2026 16:09:14] "OPTIONS /api/wishlist/1/ HTTP/1.1" 200 0
[26/May/2026 16:09:14] "DELETE /api/wishlist/1/ HTTP/1.1" 204 0
[26/May/2026 16:09:14] "GET /api/wishlist/ HTTP/1.1" 200 692
[26/May/2026 16:17:37] "GET /api/bookings/ HTTP/1.1" 200 349
[26/May/2026 16:17:37] "GET /api/properties/ HTTP/1.1" 200 3446
[26/May/2026 16:18:39] "GET /api/bookings/ HTTP/1.1" 200 349
[26/May/2026 16:18:39] "GET /api/properties/ HTTP/1.1" 200 3446
[26/May/2026 16:18:39] "GET /api/properties/ HTTP/1.1" 200 3446
[26/May/2026 16:18:39] "GET /api/properties/ HTTP/1.1" 200 3446
[26/May/2026 16:18:39] "GET /api/properties/ HTTP/1.1" 200 3446
[26/May/2026 16:18:39] "GET /api/properties/ HTTP/1.1" 200 3446
[26/May/2026 16:18:45] "GET /api/properties/ HTTP/1.1" 200 3446
[26/May/2026 16:18:45] "GET /api/bookings/ HTTP/1.1" 200 349
[26/May/2026 16:18:45] "GET /api/properties/ HTTP/1.1" 200 3446
[26/May/2026 16:18:45] "GET /api/properties/ HTTP/1.1" 200 3446
[26/May/2026 16:18:45] "GET /api/properties/ HTTP/1.1" 200 3446
[26/May/2026 16:18:45] "GET /api/properties/ HTTP/1.1" 200 3446
[26/May/2026 16:19:35] "GET /api/users/ HTTP/1.1" 200 217
[26/May/2026 16:19:35] "GET /api/bookings/ HTTP/1.1" 200 349
[26/May/2026 16:19:35] "GET /api/properties/ HTTP/1.1" 200 3446
[26/May/2026 16:19:35] "GET /api/properties/ HTTP/1.1" 200 3446
[26/May/2026 16:19:35] "GET /api/properties/ HTTP/1.1" 200 3446
[26/May/2026 16:19:35] "GET /api/properties/ HTTP/1.1" 200 3446
[26/May/2026 16:19:35] "GET /api/properties/ HTTP/1.1" 200 3446
[26/May/2026 16:21:01] "GET /api/users/ HTTP/1.1" 200 217
[26/May/2026 16:21:01] "GET /api/bookings/ HTTP/1.1" 200 349
[26/May/2026 16:21:01] "GET /api/properties/ HTTP/1.1" 200 3446
[26/May/2026 16:21:01] "GET /api/properties/ HTTP/1.1" 200 3446
[26/May/2026 16:21:01] "GET /api/properties/ HTTP/1.1" 200 3446
[26/May/2026 16:21:01] "GET /api/properties/ HTTP/1.1" 200 3446
[26/May/2026 16:21:01] "GET /api/properties/ HTTP/1.1" 200 3446
[26/May/2026 16:23:08] "GET /api/properties/ HTTP/1.1" 200 3446
[26/May/2026 16:23:08] "GET /api/bookings/ HTTP/1.1" 200 349
[26/May/2026 16:23:08] "GET /api/users/ HTTP/1.1" 200 217
[26/May/2026 16:23:08] "GET /api/properties/ HTTP/1.1" 200 3446
[26/May/2026 16:23:08] "GET /api/properties/ HTTP/1.1" 200 3446
[26/May/2026 16:23:08] "GET /api/properties/ HTTP/1.1" 200 3446
[26/May/2026 16:23:08] "GET /api/properties/ HTTP/1.1" 200 3446
[26/May/2026 16:24:32] "GET /api/properties/ HTTP/1.1" 200 3446
[26/May/2026 16:24:32] "GET /api/users/ HTTP/1.1" 200 217
[26/May/2026 16:24:32] "GET /api/bookings/ HTTP/1.1" 200 349
[26/May/2026 16:24:32] "GET /api/properties/ HTTP/1.1" 200 3446
[26/May/2026 16:24:32] "GET /api/properties/ HTTP/1.1" 200 3446
[26/May/2026 16:24:32] "GET /api/properties/ HTTP/1.1" 200 3446
[26/May/2026 16:24:32] "GET /api/properties/ HTTP/1.1" 200 3446
[26/May/2026 16:25:08] "GET /api/wishlist/ HTTP/1.1" 200 692
[26/May/2026 16:25:09] "GET /api/bookings/ HTTP/1.1" 200 349
[26/May/2026 16:25:10] "GET /api/properties/?mine=true HTTP/1.1" 200 52
[26/May/2026 16:25:11] "GET /api/properties/ HTTP/1.1" 200 3446
[26/May/2026 16:25:33] "GET /api/bookings/ HTTP/1.1" 200 349
[26/May/2026 16:25:33] "GET /api/users/ HTTP/1.1" 200 217
[26/May/2026 16:25:33] "GET /api/properties/ HTTP/1.1" 200 3446
[26/May/2026 16:25:42] "GET /api/properties/ HTTP/1.1" 200 3446
[26/May/2026 16:26:03] "GET /api/users/ HTTP/1.1" 200 217
[26/May/2026 16:26:03] "GET /api/bookings/ HTTP/1.1" 200 349
[26/May/2026 16:26:03] "GET /api/properties/ HTTP/1.1" 200 3446
[26/May/2026 16:26:49] "GET /api/properties/ HTTP/1.1" 200 3446
[26/May/2026 16:26:49] "GET /api/users/ HTTP/1.1" 200 217
[26/May/2026 16:26:49] "GET /api/bookings/ HTTP/1.1" 200 349
[26/May/2026 16:26:49] "GET /api/properties/ HTTP/1.1" 200 3446
[26/May/2026 16:26:49] "GET /api/properties/ HTTP/1.1" 200 3446
[26/May/2026 16:26:49] "GET /api/properties/ HTTP/1.1" 200 3446
[26/May/2026 16:26:49] "GET /api/properties/ HTTP/1.1" 200 3446
[26/May/2026 16:27:37] "GET /api/properties/ HTTP/1.1" 200 3446
[26/May/2026 16:27:37] "GET /api/properties/ HTTP/1.1" 200 3446
[26/May/2026 16:27:37] "GET /api/users/ HTTP/1.1" 200 217
[26/May/2026 16:27:37] "GET /api/bookings/ HTTP/1.1" 200 349
[26/May/2026 16:27:37] "GET /api/properties/ HTTP/1.1" 200 3446
[26/May/2026 16:27:37] "GET /api/properties/ HTTP/1.1" 200 3446
[26/May/2026 16:27:37] "GET /api/properties/ HTTP/1.1" 200 3446
[26/May/2026 16:28:03] "GET /api/users/ HTTP/1.1" 200 217
[26/May/2026 16:28:03] "GET /api/bookings/ HTTP/1.1" 200 349
[26/May/2026 16:28:03] "GET /api/properties/ HTTP/1.1" 200 3446
[26/May/2026 16:28:06] "GET /api/properties/ HTTP/1.1" 200 3446
[26/May/2026 16:28:09] "GET /api/properties/?mine=true HTTP/1.1" 200 52
[26/May/2026 16:28:17] "GET /api/properties/ HTTP/1.1" 200 3446
[26/May/2026 16:29:44] "GET /api/reviews/?property=5 HTTP/1.1" 200 52
[26/May/2026 16:29:44] "GET /api/properties/5/ HTTP/1.1" 200 562
[26/May/2026 16:29:51] "POST /api/wishlist/ HTTP/1.1" 201 645
[26/May/2026 16:29:54] "GET /api/properties/ HTTP/1.1" 200 3446
[26/May/2026 16:30:00] "GET /api/bookings/ HTTP/1.1" 200 349
[26/May/2026 16:30:00] "GET /api/users/ HTTP/1.1" 200 217
[26/May/2026 16:30:00] "GET /api/properties/ HTTP/1.1" 200 3446
[26/May/2026 16:31:32] "GET /api/users/ HTTP/1.1" 200 217
[26/May/2026 16:31:32] "GET /api/bookings/ HTTP/1.1" 200 349
[26/May/2026 16:31:32] "GET /api/properties/ HTTP/1.1" 200 3446
[26/May/2026 16:31:45] "GET /api/properties/ HTTP/1.1" 200 3446
[26/May/2026 16:32:01] "GET /api/users/ HTTP/1.1" 200 217
[26/May/2026 16:32:01] "GET /api/bookings/ HTTP/1.1" 200 349
[26/May/2026 16:32:01] "GET /api/properties/ HTTP/1.1" 200 3446
[26/May/2026 16:32:28] "GET /api/properties/?mine=true HTTP/1.1" 200 52
[26/May/2026 16:32:33] "GET /api/users/ HTTP/1.1" 200 217
[26/May/2026 16:32:33] "GET /api/bookings/ HTTP/1.1" 200 349
[26/May/2026 16:32:33] "GET /api/properties/ HTTP/1.1" 200 3446
[26/May/2026 16:32:34] "GET /api/properties/ HTTP/1.1" 200 3446
[26/May/2026 16:32:38] "GET /api/properties/6/ HTTP/1.1" 200 555
[26/May/2026 16:32:38] "GET /api/reviews/?property=6 HTTP/1.1" 200 52
[26/May/2026 16:34:31] "GET /api/bookings/ HTTP/1.1" 200 349
[26/May/2026 16:34:31] "GET /api/users/ HTTP/1.1" 200 217
[26/May/2026 16:34:31] "GET /api/properties/ HTTP/1.1" 200 3446
[26/May/2026 16:35:27] "GET /api/wishlist/ HTTP/1.1" 200 1338
[26/May/2026 16:38:00] "GET /api/wishlist/ HTTP/1.1" 200 1338
[26/May/2026 16:38:01] "GET /api/properties/ HTTP/1.1" 200 3446
[26/May/2026 16:38:03] "GET /api/properties/6/ HTTP/1.1" 200 555
[26/May/2026 16:38:03] "GET /api/reviews/?property=6 HTTP/1.1" 200 52
[26/May/2026 16:38:07] "GET /api/reviews/?property=6 HTTP/1.1" 200 52
[26/May/2026 16:38:07] "GET /api/properties/6/ HTTP/1.1" 200 555
[26/May/2026 16:38:08] "GET /api/properties/ HTTP/1.1" 200 3446
[26/May/2026 16:38:27] "GET /api/reviews/?property=6 HTTP/1.1" 200 52
[26/May/2026 16:38:27] "GET /api/properties/6/ HTTP/1.1" 200 555
[26/May/2026 16:38:30] "POST /api/wishlist/ HTTP/1.1" 201 638
[26/May/2026 16:38:32] "GET /api/wishlist/ HTTP/1.1" 200 1977
[26/May/2026 16:38:33] "GET /api/properties/6/ HTTP/1.1" 200 555
[26/May/2026 16:38:33] "GET /api/reviews/?property=6 HTTP/1.1" 200 52
[26/May/2026 16:38:37] "GET /api/wishlist/ HTTP/1.1" 200 1977
[26/May/2026 16:38:38] "GET /api/bookings/ HTTP/1.1" 200 349
[26/May/2026 16:39:28] "GET /api/bookings/ HTTP/1.1" 200 349
[26/May/2026 16:39:28] "GET /api/properties/ HTTP/1.1" 200 3446
[26/May/2026 16:39:28] "GET /api/users/ HTTP/1.1" 200 217
[26/May/2026 16:39:50] "GET /api/properties/ HTTP/1.1" 200 3446
[26/May/2026 16:40:24] "GET /api/properties/ HTTP/1.1" 200 3446
[26/May/2026 16:40:27] "OPTIONS /api/reviews/?property=1 HTTP/1.1" 200 0
[26/May/2026 16:40:27] "OPTIONS /api/properties/1/ HTTP/1.1" 200 0
[26/May/2026 16:40:27] "GET /api/reviews/?property=1 HTTP/1.1" 200 52
[26/May/2026 16:40:27] "GET /api/properties/1/ HTTP/1.1" 200 571
[26/May/2026 16:40:32] "POST /api/wishlist/ HTTP/1.1" 201 654
[26/May/2026 16:40:34] "GET /api/wishlist/ HTTP/1.1" 200 2632
[26/May/2026 16:40:35] "GET /api/properties/6/ HTTP/1.1" 200 555
[26/May/2026 16:40:35] "GET /api/reviews/?property=6 HTTP/1.1" 200 52
[26/May/2026 16:40:40] "GET /api/bookings/ HTTP/1.1" 200 349
[26/May/2026 16:40:53] "GET /api/wishlist/ HTTP/1.1" 200 2632
Unauthorized: /api/wishlist/
[26/May/2026 16:45:24] "GET /api/wishlist/ HTTP/1.1" 401 172
Unauthorized: /api/properties/
[26/May/2026 16:45:24] "GET /api/properties/ HTTP/1.1" 401 172
Unauthorized: /api/properties/
[26/May/2026 16:45:24] "GET /api/properties/ HTTP/1.1" 401 172
Unauthorized: /api/properties/
[26/May/2026 16:45:24] "GET /api/properties/ HTTP/1.1" 401 172
Unauthorized: /api/properties/
[26/May/2026 16:45:24] "GET /api/properties/ HTTP/1.1" 401 172
[26/May/2026 16:46:16] "GET /api/properties/ HTTP/1.1" 200 3446
[26/May/2026 16:46:52] "GET /api/properties/?property_type=villa&min_price=300 HTTP/1.1" 200 623
